[debug] [2020-02-19T11:28:04.187Z] ----------------------------------------------------------------------
[debug] [2020-02-19T11:28:04.188Z] Command:       /usr/local/bin/node /usr/local/bin/firebase init
[debug] [2020-02-19T11:28:04.188Z] CLI Version:   7.13.1
[debug] [2020-02-19T11:28:04.188Z] Platform:      darwin
[debug] [2020-02-19T11:28:04.188Z] Node Version:  v13.7.0
[debug] [2020-02-19T11:28:04.189Z] Time:          Wed Feb 19 2020 13:28:04 GMT+0200 (Israel Standard Time)
[debug] [2020-02-19T11:28:04.189Z] ----------------------------------------------------------------------
[debug] [2020-02-19T11:28:04.189Z] 
[debug] [2020-02-19T11:28:04.194Z] > command requires scopes: ["email","openid","https://www.googleapis.com/auth/cloudplatformprojects.readonly","https://www.googleapis.com/auth/firebase","https://www.googleapis.com/auth/cloud-platform"]
[debug] [2020-02-19T11:28:04.194Z] > authorizing via signed-in user
[info] 
     ######## #### ########  ######## ########     ###     ######  ########
     ##        ##  ##     ## ##       ##     ##  ##   ##  ##       ##
     ######    ##  ########  ######   ########  #########  ######  ######
     ##        ##  ##    ##  ##       ##     ## ##     ##       ## ##
     ##       #### ##     ## ######## ########  ##     ##  ######  ########

You're about to initialize a Firebase project in this directory:

  /Users/omi/Desktop/sandBox/bounce

[info] 
=== Project Setup
[info] 
[info] First, let's associate this project directory with a Firebase project.
[info] You can create multiple project aliases by running firebase use --add, 
[info] but for now we'll just set up a default project.
[info] 
[debug] [2020-02-19T11:28:17.506Z] > refreshing access token with scopes: ["email","https://www.googleapis.com/auth/cloud-platform","https://www.googleapis.com/auth/cloudplatformprojects.readonly","https://www.googleapis.com/auth/firebase","openid"]
[debug] [2020-02-19T11:28:17.506Z] >>> HTTP REQUEST POST https://www.googleapis.com/oauth2/v3/token  
 <request body omitted>
[debug] [2020-02-19T11:28:17.811Z] <<< HTTP RESPONSE 400
[debug] [2020-02-19T11:28:17.812Z] >>> HTTP REQUEST GET https://firebase.googleapis.com/v1beta1/projects?pageSize=100  
 
[debug] [2020-02-19T11:28:18.141Z] <<< HTTP RESPONSE 401
[debug] [2020-02-19T11:28:18.141Z] <<< HTTP RESPONSE BODY
[debug] [2020-02-19T11:28:18.142Z] HTTP Error: 401, Request had invalid authentication credentials. Expected OAuth 2 access token, login cookie or other valid authentication credential. See https://developers.google.com/identity/sign-in/web/devconsole-project.
[debug] [2020-02-19T11:28:18.434Z] FirebaseError: HTTP Error: 401, Request had invalid authentication credentials. Expected OAuth 2 access token, login cookie or other valid authentication credential. See https://developers.google.com/identity/sign-in/web/devconsole-project.
    at module.exports (/usr/local/lib/node_modules/firebase-tools/lib/responseToError.js:38:12)
    at Request._callback (/usr/local/lib/node_modules/firebase-tools/lib/api.js:39:35)
    at Request.self.callback (/usr/local/lib/node_modules/firebase-tools/node_modules/request/request.js:185:22)
    at Request.emit (events.js:321:20)
    at Request.EventEmitter.emit (domain.js:485:12)
    at Request.<anonymous> (/usr/local/lib/node_modules/firebase-tools/node_modules/request/request.js:1154:10)
    at Request.emit (events.js:321:20)
    at Request.EventEmitter.emit (domain.js:485:12)
    at IncomingMessage.<anonymous> (/usr/local/lib/node_modules/firebase-tools/node_modules/request/request.js:1076:12)
    at Object.onceWrapper (events.js:427:28)
    at IncomingMessage.emit (events.js:333:22)
    at IncomingMessage.EventEmitter.emit (domain.js:485:12)
    at endReadableNT (_stream_readable.js:1201:12)
    at processTicksAndRejections (internal/process/task_queues.js:84:21)
[error] 
[error] Error: Failed to list Firebase projects. See firebase-debug.log for more info.
